[00:33:13] [main/INFO]: Environment: authHost='https://authserver.mojang.com', accountsHost='https://api.mojang.com', sessionHost='https://sessionserver.mojang.com', servicesHost='https://api.minecraftservices.com', name='PROD'
[00:33:14] [main/INFO]: Reloading ResourceManager: Default, bukkit
[00:33:18] [Worker-Main-4/INFO]: Loaded 7 recipes
[00:33:27] [Server thread/INFO]: Starting minecraft server version 1.16.5
[00:33:27] [Server thread/INFO]: Loading properties
[00:33:27] [Server thread/INFO]: This server is running Paper version git-Paper-794 (MC: 1.16.5) (Implementing API version 1.16.5-R0.1-SNAPSHOT)
[00:33:27] [Server thread/INFO]: Debug logging is disabled
[00:33:27] [Server thread/INFO]: Server Ping Player Sample Count: 12
[00:33:27] [Server thread/INFO]: Using 4 threads for Netty based IO
[00:33:27] [Server thread/INFO]: Default game type: SURVIVAL
[00:33:27] [Server thread/INFO]: Generating keypair
[00:33:28] [Server thread/INFO]: Starting Minecraft server on *:25565
[00:33:28] [Server thread/INFO]: Using default channel type
[00:33:30] [Server thread/INFO]: [SkinsRestorer] Loading SkinsRestorer v14.2.3
[00:33:30] [Server thread/INFO]: [WorldEdit] Loading WorldEdit v7.2.5+57d5ac9
[00:33:32] [Server thread/INFO]: Got request to register class com.sk89q.worldedit.bukkit.BukkitServerInterface with WorldEdit [com.sk89q.worldedit.extension.platform.PlatformManager@64755434]
[00:33:32] [Server thread/INFO]: [ViaVersion] Loading ViaVersion v4.4.1
[00:33:32] [Server thread/INFO]: [ViaVersion] ViaVersion 4.4.1 is now loaded, injecting!
[00:33:33] [Via-Mappingloader-0/INFO]: [ViaVersion] Loading 1.12 -> 1.13 mappings...
[00:33:33] [Via-Mappingloader-1/INFO]: [ViaVersion] Loading 1.13 -> 1.13.2 mappings...
[00:33:33] [Via-Mappingloader-2/INFO]: [ViaVersion] Loading 1.13.2 -> 1.14 mappings...
[00:33:33] [Via-Mappingloader-3/INFO]: [ViaVersion] Loading 1.14 -> 1.15 mappings...
[00:33:33] [Via-Mappingloader-4/INFO]: [ViaVersion] Loading 1.15 -> 1.16 mappings...
[00:33:33] [Via-Mappingloader-5/INFO]: [ViaVersion] Loading 1.16 -> 1.16.2 mappings...
[00:33:33] [Server thread/INFO]: [Essentials] Loading Essentials v2.19.5-dev+40-422f25a
[00:33:33] [Server thread/INFO]: [floodgate] Loading floodgate v2.2.0-SNAPSHOT (b70-6e2c19f)
[00:33:33] [Via-Mappingloader-8/INFO]: [ViaVersion] Loading 1.18 -> 1.19 mappings...
[00:33:33] [Via-Mappingloader-7/INFO]: [ViaVersion] Loading 1.17 -> 1.18 mappings...
[00:33:33] [Via-Mappingloader-6/INFO]: [ViaVersion] Loading 1.16.2 -> 1.17 mappings...
[00:33:34] [Via-Mappingloader-0/INFO]: [ViaVersion] Loading block connection mappings ...
[00:33:35] [Server thread/INFO]: [floodgate] ¯Ó®É 1,742 ms ¨Ó±Ò°Ê Floodgate
[00:33:35] [Server thread/INFO]: [EssentialsSpawn] Loading EssentialsSpawn v2.19.5-dev+40-422f25a
[00:33:35] [Server thread/INFO]: [EssentialsChat] Loading EssentialsChat v2.19.5-dev+40-422f25a
[00:33:35] [Server thread/INFO]: [Geyser-Spigot] Loading Geyser-Spigot v2.0.6-SNAPSHOT
[00:33:35] [Server thread/INFO]: [DiscordSRV] Loading DiscordSRV v1.25.1
[00:33:35] [Server thread/INFO]: Server permissions file permissions.yml is empty, ignoring it
[00:33:35] [Server thread/INFO]: [WorldEdit] Enabling WorldEdit v7.2.5+57d5ac9
[00:33:35] [Server thread/INFO]: WEPIF: Using the Bukkit Permissions API.
[00:33:36] [Server thread/INFO]: Using com.sk89q.worldedit.bukkit.adapter.impl.Spigot_v1_16_R3 as the Bukkit adapter
[00:33:39] [Server thread/WARN]: **** SERVER IS RUNNING IN OFFLINE/INSECURE MODE!
[00:33:39] [Server thread/WARN]: The server will make no attempt to authenticate usernames. Beware.
[00:33:39] [Server thread/WARN]: While this makes the game possible to play without internet access, it also opens up the ability for hackers to connect with any username they choose.
[00:33:39] [Server thread/WARN]: To change this, set "online-mode" to "true" in the server.properties file.
[00:33:39] [Server thread/INFO]: Preparing level "world"
[00:33:40] [Server thread/INFO]: Registering commands with com.sk89q.worldedit.bukkit.BukkitServerInterface
[00:33:41] [Server thread/INFO]: Preparing start region for dimension minecraft:overworld
[00:33:41] [Server thread/INFO]: Preparing spawn area: 0%
[00:33:41] [Server thread/INFO]: Preparing spawn area: 0%
[00:33:41] [Server thread/INFO]: Time elapsed: 762 ms
[00:33:41] [Server thread/INFO]: Preparing start region for dimension minecraft:the_nether
[00:33:42] [Server thread/INFO]: Time elapsed: 519 ms
[00:33:42] [Server thread/INFO]: Preparing start region for dimension minecraft:the_end
[00:33:43] [Server thread/INFO]: Time elapsed: 634 ms
[00:33:43] [Server thread/INFO]: [SkinsRestorer] Enabling SkinsRestorer v14.2.3
[00:33:43] [Server thread/INFO]: [33;1m[[32;22mSkinsRestorer[33;1m] [0;39m[32;1mDetected Minecraft [33;1mv1_16_R3[32;1m, using [33;1mSpigotSkinRefresher[32;1m.[0;39m
[00:33:43] [Server thread/INFO]: [SkinsRestorer] [ACF] Enabled Asynchronous Tab Completion Support!
[00:33:43] [Server thread/INFO]: [ViaVersion] Enabling ViaVersion v4.4.1
[00:33:43] [Server thread/INFO]: [Essentials] Enabling Essentials v2.19.5-dev+40-422f25a
[00:33:44] [Server thread/INFO]: [Essentials] Attempting to convert old kits in config.yml to new kits.yml
[00:33:44] [Server thread/INFO]: [Essentials] No kits found to migrate.
[00:33:44] [Server thread/INFO]: [Essentials] Starting Essentials ban format conversion
[00:33:44] [Server thread/INFO]: [Essentials] Found 1 files to convert...
[00:33:44] [Server thread/INFO]: [Essentials] Converted 0/1
[00:33:44] [Server thread/INFO]: [Essentials] Ban format update complete.
[00:33:44] [Server thread/INFO]: [Essentials] Starting usermap repair
[00:33:44] [Server thread/INFO]: [Essentials] Reading: 0.00%
[00:33:44] [Server thread/INFO]: [Essentials] Completed usermap repair.
[00:33:44] [Server thread/INFO]: [Essentials] Attempting to migrate ignore list to UUIDs
[00:33:44] [Server thread/INFO]: [Essentials] Done converting ignore list.
[00:33:44] [Server thread/INFO]: [Essentials] Attempting to migrate legacy userdata keys to Configurate
[00:33:45] [Server thread/INFO]: [Essentials] Done converting legacy userdata keys to Configurate.
[00:33:45] [Server thread/INFO]: [Essentials] Done converting mail list.
[00:33:45] [Server thread/INFO]: [Essentials] #===========================================================================#
[00:33:45] [Server thread/INFO]: [Essentials]  EssentialsX will now purge any NPC accounts which were incorrectly created.
[00:33:45] [Server thread/INFO]: [Essentials]  Only NPC accounts with the default starting balance will be deleted. If
[00:33:45] [Server thread/INFO]: [Essentials]  they turn out to be valid NPC accounts, they will be re-created as needed.
[00:33:45] [Server thread/INFO]: [Essentials]  Any files deleted here will be backed up to the 
[00:33:45] [Server thread/INFO]: [Essentials]  "plugins/Essentials/userdata-npc-backup" folder. If you notice any files
[00:33:45] [Server thread/INFO]: [Essentials]  have been purged incorrectly, you should restore it from the backup and
[00:33:45] [Server thread/INFO]: [Essentials]  report it to us on GitHub:
[00:33:45] [Server thread/INFO]: [Essentials]  https://github.com/EssentialsX/Essentials/issues/new/choose
[00:33:45] [Server thread/INFO]: [Essentials] 
[00:33:45] [Server thread/INFO]: [Essentials]  NOTE: This is a one-time process and will take several minutes if you have
[00:33:45] [Server thread/INFO]: [Essentials]  a lot of userdata files! If you interrupt this process, EssentialsX will
[00:33:45] [Server thread/INFO]: [Essentials]  skip the process until you rename or remove the backup folder.
[00:33:45] [Server thread/INFO]: [Essentials] #===========================================================================#
[00:33:45] [Server thread/INFO]: [Essentials] Found ~1 files under "plugins/Essentials/userdata"...
[00:33:45] [Server thread/INFO]: [Essentials] #===========================================================================#
[00:33:45] [Server thread/INFO]: [Essentials]  EssentialsX has finished purging NPC accounts.
[00:33:45] [Server thread/INFO]: [Essentials] 
[00:33:45] [Server thread/INFO]: [Essentials]  Deleted accounts: 0
[00:33:45] [Server thread/INFO]: [Essentials]  Total accounts processed: 1
[00:33:45] [Server thread/INFO]: [Essentials] 
[00:33:45] [Server thread/INFO]: [Essentials]  Purged accounts have been backed up to
[00:33:45] [Server thread/INFO]: [Essentials]  "plugins/Essentials/userdata-npc-backup", and can be restored from there
[00:33:45] [Server thread/INFO]: [Essentials]  if needed. Please report any files which have been incorrectly deleted
[00:33:45] [Server thread/INFO]: [Essentials]  to us on GitHub:
[00:33:45] [Server thread/INFO]: [Essentials]  https://github.com/EssentialsX/Essentials/issues/new/choose
[00:33:45] [Server thread/INFO]: [Essentials] #===========================================================================#
[00:33:46] [Server thread/INFO]: [Essentials] Loaded 38132 items from items.json.
[00:33:46] [Server thread/INFO]: [Essentials] Using locale zh_TW
[00:33:46] [Server thread/INFO]: [Essentials] ServerListPingEvent: Spigot iterator API
[00:33:46] [Server thread/INFO]: [Essentials] Starting Metrics. Opt-out using the global bStats config.
[00:33:46] [Server thread/INFO]: [Essentials] Using superperms-based permissions.
[00:33:46] [Server thread/INFO]: [floodgate] Enabling floodgate v2.2.0-SNAPSHOT (b70-6e2c19f)
[00:33:47] [Server thread/INFO]: [EssentialsSpawn] Enabling EssentialsSpawn v2.19.5-dev+40-422f25a
[00:33:47] [Server thread/INFO]: [EssentialsSpawn] Starting Metrics. Opt-out using the global bStats config.
[00:33:47] [Server thread/INFO]: [EssentialsChat] Enabling EssentialsChat v2.19.5-dev+40-422f25a
[00:33:47] [Server thread/INFO]: [EssentialsChat] Starting Metrics. Opt-out using the global bStats config.
[00:33:47] [Server thread/INFO]: [Geyser-Spigot] Enabling Geyser-Spigot v2.0.6-SNAPSHOT
[00:33:48] [Server thread/INFO]: [Geyser-Spigot] ******************************************
[00:33:48] [Server thread/INFO]: [Geyser-Spigot] 
[00:33:48] [Server thread/INFO]: [Geyser-Spigot] ¥¿¦b¸ü¤J Geyser ª©¥» 2.0.6-SNAPSHOT (git-master-6856922)
[00:33:48] [Server thread/INFO]: [Geyser-Spigot] 
[00:33:48] [Server thread/INFO]: [Geyser-Spigot] ******************************************
[00:33:49] [Thread-15/WARN]: [floodgate] 
**********************************
* The prefix you entered in your Floodgate config (_) could lead to username conflicts!
* Should a Java player join with the username _Notch, and a Bedrock player join as Notch (who will be given the name _Notch), unwanted results will happen!
* We strongly recommend using . as the prefix, but other alternatives that will not conflict include: +, - and *
**********************************
[00:33:55] [Network Listener - #1/INFO]: [Geyser-Spigot] Geyser ¦b 0.0.0.0:25560 ±Ò°Ê
[00:33:55] [Server thread/INFO]: [Geyser-Spigot] §¹¦¨ (7.213s)¡I °õ¦æ /geyser help ¨Ó¨ú±o»¡©ú¡I
[00:33:55] [Server thread/INFO]: [DiscordSRV] Enabling DiscordSRV v1.25.1
[00:33:56] [DiscordSRV - Initialization/ERROR]: [DiscordSRV] No bot token has been set in the config; a bot token is required to connect to Discord.
[00:33:56] [Server thread/ERROR]: Couldn't load server icon
java.lang.IllegalStateException: Must be 64 pixels wide
	at org.bukkit.craftbukkit.libs.org.apache.commons.lang3.Validate.validState(Validate.java:829) ~[patched_1.16.5.jar:git-Paper-794]
	at net.minecraft.server.v1_16_R3.MinecraftServer.a(MinecraftServer.java:1308) ~[patched_1.16.5.jar:git-Paper-794]
	at net.minecraft.server.v1_16_R3.MinecraftServer.w(MinecraftServer.java:1078) ~[patched_1.16.5.jar:git-Paper-794]
	at net.minecraft.server.v1_16_R3.MinecraftServer.lambda$a$0(MinecraftServer.java:291) ~[patched_1.16.5.jar:git-Paper-794]
	at java.lang.Thread.run(Thread.java:831) [?:?]
[00:33:56] [Server thread/INFO]: Running delayed init tasks
[00:33:56] [Server thread/INFO]: [ViaVersion] ViaVersion detected server version: 1.16.4/5 (754)
[00:33:56] [Server thread/WARN]: [ViaVersion] You are running an outdated Java version, please consider updating it to at least Java 17 (your version is 16.0.2). At some point in the future, ViaVersion will no longer be compatible with this version of Java.
[00:33:56] [Server thread/INFO]: [DiscordSRV] Disabling DiscordSRV v1.25.1
[00:33:56] [DiscordSRV - Shutdown/INFO]: [DiscordSRV] ¦øªA¾¹¤wÃö³¬¡A¯Ó®É165ms
[00:33:56] [Server thread/INFO]: [ViaVersion] Finished mapping loading, shutting down loader executor!
[00:33:56] [Server thread/INFO]: Done (29.622s)! For help, type "help"
[00:33:56] [Server thread/INFO]: Timings Reset
[00:33:57] [Craft Scheduler Thread - 6/INFO]: [Essentials] ¥¿¦bÀò±oª©¥»¸ê°T¡K¡K
[00:33:57] [Craft Scheduler Thread - 0/INFO]: [33;1m[[32;22mSkinsRestorer[33;1m] [0;39m[32;1m----------------------------------------------[0;39m
[00:33:57] [Craft Scheduler Thread - 0/INFO]: [33;1m[[32;22mSkinsRestorer[33;1m] [0;39m[32;1m    +==================+[0;39m
[00:33:57] [Craft Scheduler Thread - 0/INFO]: [33;1m[[32;22mSkinsRestorer[33;1m] [0;39m[32;1m    |   SkinsRestorer  |[0;39m
[00:33:57] [Craft Scheduler Thread - 0/INFO]: [33;1m[[32;22mSkinsRestorer[33;1m] [0;39m[32;1m    |------------------|[0;39m
[00:33:57] [Craft Scheduler Thread - 0/INFO]: [33;1m[[32;22mSkinsRestorer[33;1m] [0;39m[32;1m    |  [34;1m[4m[21mStandalone Mode[0;39m[32;1m |[0;39m
[00:33:57] [Craft Scheduler Thread - 0/INFO]: [33;1m[[32;22mSkinsRestorer[33;1m] [0;39m[32;1m    +==================+[0;39m
[00:33:57] [Craft Scheduler Thread - 0/INFO]: [33;1m[[32;22mSkinsRestorer[33;1m] [0;39m[32;1m----------------------------------------------[0;39m
[00:33:57] [Craft Scheduler Thread - 0/INFO]: [33;1m[[32;22mSkinsRestorer[33;1m] [0;39m[36;1m    Current version: [32;1m14.2.3[0;39m
[00:33:57] [Craft Scheduler Thread - 0/INFO]: [33;1m[[32;22mSkinsRestorer[33;1m] [0;39m[32;1m    This is the latest version![0;39m
[00:33:57] [Craft Scheduler Thread - 0/INFO]: [33;1m[[32;22mSkinsRestorer[33;1m] [0;39m[32;1m----------------------------------------------[0;39m
[00:33:59] [pool-26-thread-1/WARN]: [DiscordSRV] Update check failed: zip file closed
[00:34:27] [User Authenticator #1/INFO]: UUID of player Skywind5487 is 5ee1c2a5-862c-3065-a241-7ef27e7775c6
[00:34:28] [Server thread/INFO]: Skywind5487 joined the game
[00:34:28] [Server thread/INFO]: Skywind5487[/127.0.0.1:8240] logged in with entity id 425 at ([world]-3.5972081003789667, 77.0, -75.22416448631989)
[00:34:45] [Server thread/INFO]: Skywind5487 lost connection: Disconnected
[00:34:45] [Server thread/INFO]: Skywind5487 left the game
[00:35:18] [Server thread/INFO]: Stopping the server
[00:35:18] [Server thread/INFO]: Stopping server
[00:35:18] [Server thread/INFO]: [Geyser-Spigot] Disabling Geyser-Spigot v2.0.6-SNAPSHOT
[00:35:18] [Server thread/INFO]: [Geyser-Spigot] ¥¿¦bÃö³¬ Geyser¡C
[00:35:18] [Server thread/INFO]: [Geyser-Spigot] Geyser ¦¨¥\Ãö³¬¡C
[00:35:18] [Server thread/INFO]: [EssentialsChat] Disabling EssentialsChat v2.19.5-dev+40-422f25a
[00:35:18] [Server thread/INFO]: [EssentialsSpawn] Disabling EssentialsSpawn v2.19.5-dev+40-422f25a
[00:35:18] [Server thread/INFO]: [floodgate] Disabling floodgate v2.2.0-SNAPSHOT (b70-6e2c19f)
[00:35:18] [Server thread/INFO]: [Essentials] Disabling Essentials v2.19.5-dev+40-422f25a
[00:35:18] [Server thread/INFO]: [ViaVersion] Disabling ViaVersion v4.4.1
[00:35:18] [Server thread/INFO]: [ViaVersion] ViaVersion is disabling, if this is a reload and you experience issues consider rebooting.
[00:35:18] [Server thread/INFO]: [WorldEdit] Disabling WorldEdit v7.2.5+57d5ac9
[00:35:18] [Server thread/INFO]: Unregistering com.sk89q.worldedit.bukkit.BukkitServerInterface from WorldEdit
[00:35:18] [Server thread/INFO]: [SkinsRestorer] Disabling SkinsRestorer v14.2.3
[00:35:18] [Server thread/INFO]: Saving players
[00:35:18] [Server thread/INFO]: Saving worlds
[00:35:18] [Server thread/INFO]: Saving chunks for level 'ServerLevel[world]'/minecraft:overworld
[00:35:18] [WebSocketConnectReadThread-95/INFO]: [Geyser-Spigot] The skin uploader has been closed
[00:35:20] [Server thread/INFO]: ThreadedAnvilChunkStorage (world): All chunks are saved
[00:35:20] [Server thread/INFO]: Saving chunks for level 'ServerLevel[world_nether]'/minecraft:the_nether
[00:35:22] [Server thread/INFO]: ThreadedAnvilChunkStorage (DIM-1): All chunks are saved
[00:35:22] [Server thread/INFO]: Saving chunks for level 'ServerLevel[world_the_end]'/minecraft:the_end
[00:35:22] [Server thread/INFO]: ThreadedAnvilChunkStorage (DIM1): All chunks are saved
[00:35:22] [Server thread/INFO]: ThreadedAnvilChunkStorage (world): All chunks are saved
[00:35:24] [Server thread/INFO]: ThreadedAnvilChunkStorage (DIM-1): All chunks are saved
[00:35:24] [Server thread/INFO]: ThreadedAnvilChunkStorage (DIM1): All chunks are saved
[00:35:24] [Server thread/INFO]: Flushing Chunk IO
[00:35:24] [Server thread/INFO]: Closing Thread Pool
[00:35:24] [Server thread/INFO]: Closing Server
